<?xml version="1.0" encoding="UTF-8"?>
<!-- Generated by org.testng.reporters.JUnitReportReporter -->
<testsuite skipped="0" hostname="HYDGSI3DQXHR2" name="packagename.demomvnTest" tests="2" failures="0" timestamp="10 Aug 2019 06:03:06 GMT" time="0.009" errors="0">
  <testcase name="weblogin" time="0.000" classname="packagename.demomvnTest"/>
  <testcase name="mobileapp" time="0.009" classname="packagename.demomvnTest"/>
</testsuite> <!-- packagename.demomvnTest -->
